[26-Feb-2016 11:03:42 CST6CDT] mail() on [/home/websake2/public_html/websake.net/it/contatto.php:26]: To: info@websake.net -- Headers: Da:  MIME-Version: 1.0  Content-Type: text/html; charset=ISO-8859-1  X-Priority: 1
[26-Feb-2016 11:03:42 CST6CDT] mail() on [/home/websake2/public_html/websake.net/it/contatto.php:28]: To:  -- Headers: Da:info@websake.net  MIME-Version: 1.0  Content-Type: text/html; charset=ISO-8859-1  X-Priority: 1
[26-Feb-2016 11:13:37 CST6CDT] mail() on [/home/websake2/public_html/websake.net/it/contatto.php:26]: To: info@websake.net -- Headers: Da:  MIME-Version: 1.0  Content-Type: text/html; charset=ISO-8859-1  X-Priority: 1
[26-Feb-2016 11:13:37 CST6CDT] mail() on [/home/websake2/public_html/websake.net/it/contatto.php:28]: To:  -- Headers: Da:info@websake.net  MIME-Version: 1.0  Content-Type: text/html; charset=ISO-8859-1  X-Priority: 1
[26-Feb-2016 11:16:38 CST6CDT] mail() on [/home/websake2/public_html/websake.net/it/contatto.php:26]: To: info@websake.net -- Headers: Da:  MIME-Version: 1.0  Content-Type: text/html; charset=ISO-8859-1  X-Priority: 1
[26-Feb-2016 11:16:38 CST6CDT] mail() on [/home/websake2/public_html/websake.net/it/contatto.php:28]: To:  -- Headers: Da:info@websake.net  MIME-Version: 1.0  Content-Type: text/html; charset=ISO-8859-1  X-Priority: 1
[26-Feb-2016 11:19:32 CST6CDT] mail() on [/home/websake2/public_html/websake.net/it/contatto.php:26]: To: info@websake.net -- Headers: Da:cialu.arces@gmail.com  MIME-Version: 1.0  Content-Type: text/html; charset=ISO-8859-1  X-Priority: 1
[26-Feb-2016 11:19:32 CST6CDT] mail() on [/home/websake2/public_html/websake.net/it/contatto.php:28]: To: cialu.arces@gmail.com -- Headers: Da:info@websake.net  MIME-Version: 1.0  Content-Type: text/html; charset=ISO-8859-1  X-Priority: 1
[26-Feb-2016 11:24:50 CST6CDT] mail() on [/home/websake2/public_html/websake.net/it/contatto.php:26]: To: info@websake.net -- Headers: 
[26-Feb-2016 11:24:50 CST6CDT] mail() on [/home/websake2/public_html/websake.net/it/contatto.php:28]: To: cialu.arces@gmail.com -- Headers: 
[26-Feb-2016 11:29:35 CST6CDT] mail() on [/home/websake2/public_html/websake.net/it/contatto.php:26]: To: info@websake.net -- Headers: From:cialu.arces@gmail.com  MIME-Version: 1.0  Content-Type: text/html; charset=ISO-8859-1  X-Priority: 1
[26-Feb-2016 11:29:35 CST6CDT] mail() on [/home/websake2/public_html/websake.net/it/contatto.php:28]: To: cialu.arces@gmail.com -- Headers: From:info@websake.net  MIME-Version: 1.0  Content-Type: text/html; charset=ISO-8859-1  X-Priority: 1
[26-Feb-2016 11:33:49 CST6CDT] mail() on [/home/websake2/public_html/websake.net/it/contatto.php:26]: To: info@websake.net -- Headers: From:cialu.arces@gmail.com  MIME-Version: 1.0  Content-Type: text/html; charset=ISO-8859-1  X-Priority: 1
[26-Feb-2016 11:33:49 CST6CDT] mail() on [/home/websake2/public_html/websake.net/it/contatto.php:28]: To: cialu.arces@gmail.com -- Headers: From:info@websake.net  MIME-Version: 1.0  Content-Type: text/html; charset=ISO-8859-1  X-Priority: 1
[26-Feb-2016 11:36:49 CST6CDT] mail() on [/home/websake2/public_html/websake.net/it/contatto.php:26]: To: info@websake.net -- Headers: From:cialu.arces@gmail.com  MIME-Version: 1.0  Content-Type: text/html; charset=ISO-8859-1  X-Priority: 1
[26-Feb-2016 11:36:49 CST6CDT] mail() on [/home/websake2/public_html/websake.net/it/contatto.php:28]: To: cialu.arces@gmail.com -- Headers: From:info@websake.net  MIME-Version: 1.0  Content-Type: text/html; charset=ISO-8859-1  X-Priority: 1
[26-Feb-2016 11:45:39 CST6CDT] mail() on [/home/websake2/public_html/websake.net/it/contatto.php:26]: To: info@websake.net -- Headers: From:cialu.arces@gmail.com  MIME-Version: 1.0  Content-Type: text/html; charset=ISO-8859-1  X-Priority: 1
[26-Feb-2016 11:45:39 CST6CDT] mail() on [/home/websake2/public_html/websake.net/it/contatto.php:28]: To: cialu.arces@gmail.com -- Headers: From:info@websake.net  MIME-Version: 1.0  Content-Type: text/html; charset=ISO-8859-1  X-Priority: 1
[28-Feb-2016 09:29:15 CST6CDT] mail() on [/home/websake2/public_html/websake.net/it/contatto.php:26]: To: info@websake.net -- Headers: From:  MIME-Version: 1.0  Content-Type: text/html; charset=ISO-8859-1  X-Priority: 1
[28-Feb-2016 09:29:16 CST6CDT] mail() on [/home/websake2/public_html/websake.net/it/contatto.php:28]: To:  -- Headers: From:info@websake.net  MIME-Version: 1.0  Content-Type: text/html; charset=ISO-8859-1  X-Priority: 1
[28-Feb-2016 09:39:11 CST6CDT] mail() on [/home/websake2/public_html/websake.net/it/contatto.php:37]: To: info@websake.net -- Headers: From:  MIME-Version: 1.0  Content-Type: text/html; charset=ISO-8859-1  X-Priority: 1
[28-Feb-2016 09:39:11 CST6CDT] mail() on [/home/websake2/public_html/websake.net/it/contatto.php:39]: To:  -- Headers: From:info@websake.net  MIME-Version: 1.0  Content-Type: text/html; charset=ISO-8859-1  X-Priority: 1
[28-Feb-2016 09:41:00 CST6CDT] mail() on [/home/websake2/public_html/websake.net/it/contatto.php:37]: To: info@websake.net -- Headers: From:  MIME-Version: 1.0  Content-Type: text/html; charset=ISO-8859-1  X-Priority: 1
[28-Feb-2016 09:41:00 CST6CDT] mail() on [/home/websake2/public_html/websake.net/it/contatto.php:39]: To:  -- Headers: From:info@websake.net  MIME-Version: 1.0  Content-Type: text/html; charset=ISO-8859-1  X-Priority: 1
[28-Feb-2016 09:45:18 CST6CDT] mail() on [/home/websake2/public_html/websake.net/it/contatto.php:38]: To: info@websake.net -- Headers: From:  MIME-Version: 1.0  Content-Type: text/html; charset=ISO-8859-1  X-Priority: 1
[28-Feb-2016 09:45:18 CST6CDT] mail() on [/home/websake2/public_html/websake.net/it/contatto.php:40]: To:  -- Headers: From:info@websake.net  MIME-Version: 1.0  Content-Type: text/html; charset=ISO-8859-1  X-Priority: 1
[27-Mar-2017 10:30:49 CST6CDT] mail() on [/home/websake2/public_html/websake.net/it/contatto.php:50]: To: info@websake.net -- Headers: From:giaccai@gmail.com  MIME-Version: 1.0  Content-Type: text/html; charset=ISO-8859-1  X-Priority: 1
[27-Mar-2017 10:30:50 CST6CDT] mail() on [/home/websake2/public_html/websake.net/it/contatto.php:52]: To: giaccai@gmail.com -- Headers: From:info@websake.net  MIME-Version: 1.0  Content-Type: text/html; charset=ISO-8859-1  X-Priority: 1
[23-Apr-2017 21:38:58 CST6CDT] mail() on [/home/websake2/public_html/websake.net/it/contatto.php:50]: To: info@websake.net -- Headers: From:yyrtx7ls@gmail.com  MIME-Version: 1.0  Content-Type: text/html; charset=ISO-8859-1  X-Priority: 1
[23-Apr-2017 21:38:58 CST6CDT] mail() on [/home/websake2/public_html/websake.net/it/contatto.php:52]: To: yyrtx7ls@gmail.com -- Headers: From:info@websake.net  MIME-Version: 1.0  Content-Type: text/html; charset=ISO-8859-1  X-Priority: 1
